<?xml version="1.0" encoding="UTF-8"?>
<!-- Generated by org.testng.reporters.JUnitReportReporter -->
<testsuite skipped="0" hostname="LAPTOP-JNRDJIBE" name="Maruti.testClass" tests="1" failures="0" timestamp="2020-02-27T03:28:30 PST" time="47.681" errors="0">
  <testcase name="verify" time="47.681" classname="Maruti.testClass"/>
</testsuite> <!-- Maruti.testClass -->
