<?xml version="1.0" encoding="UTF-8"?>
<!-- Generated by org.testng.reporters.JUnitReportReporter -->
<testsuite skipped="0" hostname="LAPTOP-JNRDJIBE" name="Practo.LoginPage" tests="1" failures="0" timestamp="2020-02-13T00:36:31 PST" time="89.190" errors="0">
  <testcase name="verify" time="89.190" classname="Practo.LoginPage"/>
</testsuite> <!-- Practo.LoginPage -->
