<?xml version="1.0" encoding="UTF-8"?>
<!-- Generated by org.testng.reporters.JUnitReportReporter -->
<testsuite skipped="0" hostname="LAPTOP-JNRDJIBE" name="UploadFile.sendkeysMethod" tests="1" failures="0" timestamp="2020-02-03T00:52:00 PST" time="74.457" errors="0">
  <testcase name="uploadTest" time="74.457" classname="UploadFile.sendkeysMethod"/>
</testsuite> <!-- UploadFile.sendkeysMethod -->
